<?xml version="1.0" encoding="UTF-8"?>
<!-- Generated by org.testng.reporters.JUnitXMLReporter -->
<testsuite ignored="0" hostname="IN-NOI-LAKSHIT1" failures="0" tests="3" name="Default test" time="93.636" errors="0" timestamp="23 Apr 2023 07:29:30 GMT">
  <testcase classname="testcases.LoginTest" name="test1" time="33.853"/>
  <testcase classname="testcases.LoginTest" name="test2" time="27.591"/>
  <testcase classname="testcases.LoginTest" name="test4" time="23.288"/>
</testsuite> <!-- Default test -->
