<?xml version="1.0" encoding="UTF-8"?>
<testng-results ignored="0" total="3" passed="3" failed="0" skipped="0">
  <reporter-output>
  </reporter-output>
  <suite started-at="2023-04-29T06:55:06Z" name="Suite" finished-at="2023-04-29T06:55:56Z" duration-ms="49815">
    <groups>
    </groups>
    <test started-at="2023-04-29T06:55:06Z" name="Test" finished-at="2023-04-29T06:55:56Z" duration-ms="49815">
      <class name="testcases.LoginTest">
        <test-method is-config="true" signature="ReportSetup()[pri:0, instance:testcases.LoginTest@327af41b]" started-at="2023-04-29T06:55:06Z" name="ReportSetup" finished-at="2023-04-29T06:55:07Z" duration-ms="494" status="PASS">
          <reporter-output>
          </reporter-output>
        </test-method> <!-- ReportSetup -->
        <test-method is-config="true" signature="SetUp(java.lang.reflect.Method)[pri:0, instance:testcases.LoginTest@327af41b]" started-at="2023-04-29T06:55:07Z" name="SetUp" finished-at="2023-04-29T06:55:10Z" duration-ms="3195" status="PASS">
          <params>
            <param index="0">
              <value>
                <![CDATA[public void testcases.LoginTest.test1()]]>
              </value>
            </param>
          </params>
          <reporter-output>
          </reporter-output>
        </test-method> <!-- SetUp -->
        <test-method signature="test1()[pri:0, instance:testcases.LoginTest@327af41b]" started-at="2023-04-29T06:55:10Z" name="test1" finished-at="2023-04-29T06:55:24Z" duration-ms="14339" status="PASS">
          <reporter-output>
          </reporter-output>
        </test-method> <!-- test1 -->
        <test-method is-config="true" signature="TearDown()[pri:0, instance:testcases.LoginTest@327af41b]" started-at="2023-04-29T06:55:24Z" name="TearDown" finished-at="2023-04-29T06:55:25Z" duration-ms="721" status="PASS">
          <reporter-output>
          </reporter-output>
        </test-method> <!-- TearDown -->
        <test-method is-config="true" signature="SetUp(java.lang.reflect.Method)[pri:0, instance:testcases.LoginTest@327af41b]" started-at="2023-04-29T06:55:25Z" name="SetUp" finished-at="2023-04-29T06:55:28Z" duration-ms="2695" status="PASS">
          <params>
            <param index="0">
              <value>
                <![CDATA[public void testcases.LoginTest.test2()]]>
              </value>
            </param>
          </params>
          <reporter-output>
          </reporter-output>
        </test-method> <!-- SetUp -->
        <test-method signature="test2()[pri:0, instance:testcases.LoginTest@327af41b]" started-at="2023-04-29T06:55:28Z" name="test2" finished-at="2023-04-29T06:55:44Z" duration-ms="16401" status="PASS">
          <reporter-output>
          </reporter-output>
        </test-method> <!-- test2 -->
        <test-method is-config="true" signature="TearDown()[pri:0, instance:testcases.LoginTest@327af41b]" started-at="2023-04-29T06:55:44Z" name="TearDown" finished-at="2023-04-29T06:55:45Z" duration-ms="660" status="PASS">
          <reporter-output>
          </reporter-output>
        </test-method> <!-- TearDown -->
        <test-method is-config="true" signature="SetUp(java.lang.reflect.Method)[pri:0, instance:testcases.LoginTest@327af41b]" started-at="2023-04-29T06:55:45Z" name="SetUp" finished-at="2023-04-29T06:55:47Z" duration-ms="2721" status="PASS">
          <params>
            <param index="0">
              <value>
                <![CDATA[public void testcases.LoginTest.test4(java.lang.reflect.Method) throws com.codoid.products.exception.FilloException]]>
              </value>
            </param>
          </params>
          <reporter-output>
          </reporter-output>
        </test-method> <!-- SetUp -->
        <test-method signature="test4(java.lang.reflect.Method)[pri:0, instance:testcases.LoginTest@327af41b]" started-at="2023-04-29T06:55:47Z" name="test4" finished-at="2023-04-29T06:55:55Z" duration-ms="7691" status="PASS">
          <params>
            <param index="0">
              <value>
                <![CDATA[public void testcases.LoginTest.test4(java.lang.reflect.Method) throws com.codoid.products.exception.FilloException]]>
              </value>
            </param>
          </params>
          <reporter-output>
          </reporter-output>
        </test-method> <!-- test4 -->
        <test-method is-config="true" signature="TearDown()[pri:0, instance:testcases.LoginTest@327af41b]" started-at="2023-04-29T06:55:55Z" name="TearDown" finished-at="2023-04-29T06:55:56Z" duration-ms="670" status="PASS">
          <reporter-output>
          </reporter-output>
        </test-method> <!-- TearDown -->
        <test-method is-config="true" signature="ReportClean()[pri:0, instance:testcases.LoginTest@327af41b]" started-at="2023-04-29T06:55:56Z" name="ReportClean" finished-at="2023-04-29T06:55:56Z" duration-ms="213" status="PASS">
          <reporter-output>
          </reporter-output>
        </test-method> <!-- ReportClean -->
      </class> <!-- testcases.LoginTest -->
    </test> <!-- Test -->
  </suite> <!-- Suite -->
</testng-results>
