<?xml version="1.0" encoding="UTF-8"?>
<testng-results ignored="0" total="3" passed="3" failed="0" skipped="0">
  <reporter-output>
  </reporter-output>
  <suite started-at="2023-04-23T07:27:57Z" name="Default suite" finished-at="2023-04-23T07:29:30Z" duration-ms="93636">
    <groups>
    </groups>
    <test started-at="2023-04-23T07:27:57Z" name="Default test" finished-at="2023-04-23T07:29:30Z" duration-ms="93636">
      <class name="testcases.LoginTest">
        <test-method is-config="true" signature="ReportSetup()[pri:0, instance:testcases.LoginTest@20c0a64d]" started-at="2023-04-23T07:27:57Z" name="ReportSetup" finished-at="2023-04-23T07:27:57Z" duration-ms="547" status="PASS">
          <reporter-output>
          </reporter-output>
        </test-method> <!-- ReportSetup -->
        <test-method is-config="true" signature="SetUp(java.lang.reflect.Method)[pri:0, instance:testcases.LoginTest@20c0a64d]" started-at="2023-04-23T07:27:57Z" name="SetUp" finished-at="2023-04-23T07:28:00Z" duration-ms="2664" status="PASS">
          <params>
            <param index="0">
              <value>
                <![CDATA[public void testcases.LoginTest.test1()]]>
              </value>
            </param>
          </params>
          <reporter-output>
          </reporter-output>
        </test-method> <!-- SetUp -->
        <test-method signature="test1()[pri:0, instance:testcases.LoginTest@20c0a64d]" started-at="2023-04-23T07:28:00Z" name="test1" finished-at="2023-04-23T07:28:34Z" duration-ms="33853" status="PASS">
          <reporter-output>
          </reporter-output>
        </test-method> <!-- test1 -->
        <test-method is-config="true" signature="TearDown()[pri:0, instance:testcases.LoginTest@20c0a64d]" started-at="2023-04-23T07:28:34Z" name="TearDown" finished-at="2023-04-23T07:28:34Z" duration-ms="292" status="PASS">
          <reporter-output>
          </reporter-output>
        </test-method> <!-- TearDown -->
        <test-method is-config="true" signature="SetUp(java.lang.reflect.Method)[pri:0, instance:testcases.LoginTest@20c0a64d]" started-at="2023-04-23T07:28:34Z" name="SetUp" finished-at="2023-04-23T07:28:36Z" duration-ms="2302" status="PASS">
          <params>
            <param index="0">
              <value>
                <![CDATA[public void testcases.LoginTest.test2()]]>
              </value>
            </param>
          </params>
          <reporter-output>
          </reporter-output>
        </test-method> <!-- SetUp -->
        <test-method signature="test2()[pri:0, instance:testcases.LoginTest@20c0a64d]" started-at="2023-04-23T07:28:36Z" name="test2" finished-at="2023-04-23T07:29:04Z" duration-ms="27591" status="PASS">
          <reporter-output>
          </reporter-output>
        </test-method> <!-- test2 -->
        <test-method is-config="true" signature="TearDown()[pri:0, instance:testcases.LoginTest@20c0a64d]" started-at="2023-04-23T07:29:04Z" name="TearDown" finished-at="2023-04-23T07:29:04Z" duration-ms="248" status="PASS">
          <reporter-output>
          </reporter-output>
        </test-method> <!-- TearDown -->
        <test-method is-config="true" signature="SetUp(java.lang.reflect.Method)[pri:0, instance:testcases.LoginTest@20c0a64d]" started-at="2023-04-23T07:29:04Z" name="SetUp" finished-at="2023-04-23T07:29:06Z" duration-ms="2414" status="PASS">
          <params>
            <param index="0">
              <value>
                <![CDATA[public void testcases.LoginTest.test4(java.lang.reflect.Method) throws com.codoid.products.exception.FilloException]]>
              </value>
            </param>
          </params>
          <reporter-output>
          </reporter-output>
        </test-method> <!-- SetUp -->
        <test-method signature="test4(java.lang.reflect.Method)[pri:0, instance:testcases.LoginTest@20c0a64d]" started-at="2023-04-23T07:29:06Z" name="test4" finished-at="2023-04-23T07:29:30Z" duration-ms="23288" status="PASS">
          <params>
            <param index="0">
              <value>
                <![CDATA[public void testcases.LoginTest.test4(java.lang.reflect.Method) throws com.codoid.products.exception.FilloException]]>
              </value>
            </param>
          </params>
          <reporter-output>
          </reporter-output>
        </test-method> <!-- test4 -->
        <test-method is-config="true" signature="TearDown()[pri:0, instance:testcases.LoginTest@20c0a64d]" started-at="2023-04-23T07:29:30Z" name="TearDown" finished-at="2023-04-23T07:29:30Z" duration-ms="164" status="PASS">
          <reporter-output>
          </reporter-output>
        </test-method> <!-- TearDown -->
        <test-method is-config="true" signature="ReportClean()[pri:0, instance:testcases.LoginTest@20c0a64d]" started-at="2023-04-23T07:29:30Z" name="ReportClean" finished-at="2023-04-23T07:29:30Z" duration-ms="254" status="PASS">
          <reporter-output>
          </reporter-output>
        </test-method> <!-- ReportClean -->
      </class> <!-- testcases.LoginTest -->
    </test> <!-- Default test -->
  </suite> <!-- Default suite -->
</testng-results>
